Arguments: 
  /usr/local/bin/node /snap/node/7581/bin/yarn.js global dir

PATH: 
  /home/attila/go/bin:/home/attila/sjasmplus/build/release:/usr/lib/dart/bin/:/home/attila/go/bin:/home/attila/sjasmplus/build/release:/home/attila/go/bin:/home/attila/sjasmplus/build/release:/usr/local/sbin:/usr/local/bin:/usr/sbin:/usr/bin:/sbin:/bin:/usr/games:/usr/local/games:/snap/bin:/snap/bin:/usr/lib/dart/bin:/usr/lib/dart/bin

Yarn version: 
  1.22.19

Node version: 
  18.17.0

Platform: 
  linux x64

Trace: 
  Error: package.json: EACCES: permission denied, write
      at writeSync (node:fs:936:3)
      at SyncWriteStream._write (node:internal/fs/sync_write_stream:26:3)
      at writeOrBuffer (node:internal/streams/writable:392:12)
      at _write (node:internal/streams/writable:333:10)
      at Writable.write (node:internal/streams/writable:337:10)
      at ConsoleReporter.warn (/snap/node/7581/lib/cli.js:92855:17)
      at warn (/snap/node/7581/lib/cli.js:51326:23)
      at module.exports.exports.default (/snap/node/7581/lib/cli.js:37409:7)
      at /snap/node/7581/lib/cli.js:51337:51
      at Generator.next (<anonymous>)

npm manifest: 
  {
    "name": "androidemulatorlauncer",
    "displayName": "AndroidEmulatorLauncer",
    "description": "Android Emulator Launcher",
    "version": "0.0.1",
    "engines": {
      "vscode": "^1.81.0"
    },
    "categories": [
      "Other"
    ],
    "activationEvents": [],
    "main": "./dist/extension.js",
    "contributes": {
      "statusBarItem": [
        {
          "id": "androidemulatorlauncer.launchAndroidEmulator",
          "name": "My Status Bar Item",
          "alignment": "right",
          "priority": 100
        }
      ],
      "commands": [
        {
          "command": "androidemulatorlauncer.launchAndroidEmulator",
          "title": "Launch Android Emulator"
        }
      ]
    },
    "scripts": {
      "vscode:prepublish": "npm run package",
      "compile": "webpack",
      "watch": "webpack --watch",
      "package": "webpack --mode production --devtool hidden-source-map",
      "compile-tests": "tsc -p . --outDir out",
      "watch-tests": "tsc -p . -w --outDir out",
      "pretest": "npm run compile-tests && npm run compile && npm run lint",
      "lint": "eslint src --ext ts",
      "test": "node ./out/test/runTest.js"
    },
    "devDependencies": {
      "@types/vscode": "^1.81.0",
      "@types/mocha": "^10.0.1",
      "@types/node": "16.x",
      "@typescript-eslint/eslint-plugin": "^6.4.1",
      "@typescript-eslint/parser": "^6.4.1",
      "eslint": "^8.47.0",
      "glob": "^10.3.3",
      "mocha": "^10.2.0",
      "typescript": "^5.1.6",
      "ts-loader": "^9.4.4",
      "webpack": "^5.88.2",
      "webpack-cli": "^5.1.4",
      "@vscode/test-electron": "^2.3.4"
    }
  }

yarn manifest: 
  No manifest

Lockfile: 
  No lockfile
